   1               		.file	"USBTask.c"
   2               	__SREG__ = 0x3f
   3               	__SP_H__ = 0x3e
   4               	__SP_L__ = 0x3d
   5               	__tmp_reg__ = 0
   6               	__zero_reg__ = 1
  14               	.Ltext0:
  15               		.section	.text.USB_USBTask,"ax",@progbits
  16               	.global	USB_USBTask
  18               	USB_USBTask:
  19               	.LFB81:
  20               	.LSM0:
  21 0000 1F93      		push r17
  22               	/* prologue: function */
  23               	/* frame size = 0 */
  24               	/* stack size = 1 */
  25               	.L__stack_usage = 1
  26               	.LBB22:
  27               	.LBB23:
  28               	.LSM1:
  29 0002 8091 0000 		lds r24,USB_DeviceState
  30 0006 8823      		tst r24
  31 0008 01F0      		breq .L1
  32               	.LBB24:
  33               	.LBB25:
  34               	.LBB26:
  35               	.LSM2:
  36 000a 1091 E900 		lds r17,233
  37 000e 1770      		andi r17,lo8(7)
  38               	.LVL0:
  39               	.LBE26:
  40               	.LBE25:
  41               	.LBB27:
  42               	.LBB28:
  43               	.LSM3:
  44 0010 1092 E900 		sts 233,__zero_reg__
  45               	.LBE28:
  46               	.LBE27:
  47               	.LBB29:
  48               	.LBB30:
  49               	.LSM4:
  50 0014 8091 E800 		lds r24,232
  51               	.LBE30:
  52               	.LBE29:
  53               	.LSM5:
  54 0018 83FF      		sbrs r24,3
  55 001a 00C0      		rjmp .L3
  56               	.LSM6:
  57 001c 0E94 0000 		call USB_Device_ProcessControlRequest
  58               	.L3:
  59               	.LVL1:
  60               	.LBB31:
  61               	.LBB32:
  62               	.LSM7:
  63 0020 1093 E900 		sts 233,r17
  64               	.LVL2:
  65               	.L1:
  66               	/* epilogue start */
  67               	.LBE32:
  68               	.LBE31:
  69               	.LBE24:
  70               	.LBE23:
  71               	.LBE22:
  72               	.LSM8:
  73 0024 1F91      		pop r17
  74 0026 0895      		ret
  75               	.LFE81:
  77               		.comm USB_IsInitialized,1,1
  78               		.comm USB_ControlRequest,8,1
  79               		.comm USB_DeviceState,1,1
 104               	.Letext0:
DEFINED SYMBOLS
                            *ABS*:00000000 USBTask.c
C:\Users\Frank\AppData\Local\Temp\ccRJEgmW.s:2      *ABS*:0000003f __SREG__
C:\Users\Frank\AppData\Local\Temp\ccRJEgmW.s:3      *ABS*:0000003e __SP_H__
C:\Users\Frank\AppData\Local\Temp\ccRJEgmW.s:4      *ABS*:0000003d __SP_L__
C:\Users\Frank\AppData\Local\Temp\ccRJEgmW.s:5      *ABS*:00000000 __tmp_reg__
C:\Users\Frank\AppData\Local\Temp\ccRJEgmW.s:6      *ABS*:00000001 __zero_reg__
C:\Users\Frank\AppData\Local\Temp\ccRJEgmW.s:18     .text.USB_USBTask:00000000 USB_USBTask
                            *COM*:00000001 USB_DeviceState
                            *COM*:00000001 USB_IsInitialized
                            *COM*:00000008 USB_ControlRequest

UNDEFINED SYMBOLS
USB_Device_ProcessControlRequest
__do_clear_bss
